============================= test session starts ==============================
platform darwin -- Python 3.12.8, pytest-9.0.2, pluggy-1.6.0
rootdir: /Users/firestrand/Projects/latenty-infinity/quant/liq-features
configfile: pyproject.toml
plugins: anyio-4.12.1, hypothesis-6.151.9, liq-validation-0.1.2, cov-7.0.0
collected 142 items

tests/test_volatility_rv.py ...............                              [ 10%]
tests/test_volatility_decomposition.py .........                         [ 16%]
tests/test_volatility_logging.py .........                               [ 23%]
tests/test_volatility_quality.py .................                       [ 35%]
tests/test_volatility_fallback.py ................                       [ 46%]
tests/test_volatility_estimate.py .....................                  [ 61%]
tests/test_volatility_formulas.py ..........                             [ 68%]
tests/test_volatility_windowed.py .............................          [ 88%]
tests/test_volatility_contract_xfail.py ........                         [ 94%]
tests/test_volatility.py ........                                        [100%]

============================= 142 passed in 1.49s ==============================
