============================= test session starts ==============================
platform darwin -- Python 3.12.8, pytest-9.0.2, pluggy-1.6.0
rootdir: /Users/firestrand/Projects/latenty-infinity/quant/liq-features
configfile: pyproject.toml
plugins: anyio-4.12.1, hypothesis-6.151.9, liq-validation-0.1.2, cov-7.0.0
collected 118 items

tests/test_volatility_logging.py .........                               [  7%]
tests/test_volatility_quality.py .................                       [ 22%]
tests/test_volatility_fallback.py ................                       [ 35%]
tests/test_volatility_estimate.py .....................                  [ 53%]
tests/test_volatility_formulas.py ..........                             [ 61%]
tests/test_volatility_windowed.py .............................          [ 86%]
tests/test_volatility_contract_xfail.py ........                         [ 93%]
tests/test_volatility.py ........                                        [100%]

============================= 118 passed in 3.10s ==============================
